<?xml version="1.0" encoding="UTF-8"?>
<!-- Generated by org.testng.reporters.JUnitXMLReporter -->
<testsuite ignored="0" hostname="Admin" failures="0" tests="9" name="Default test" time="0.235" errors="0" timestamp="21 May 2022 10:29:02 GMT">
  <testcase classname="com.nopcommerce.user.TC_Search_Advanced" name="@BeforeClass beforeClass" time="0.0">
    <failure type="org.testng.TestNGException" message="
Parameter &amp;apos;browser&amp;apos; is required by BeforeClass on method beforeClass but has not been marked @Optional or defined
in C:\Users\Admin\AppData\Local\Temp\testng-eclipse--1909767291\testng-customsuite.xml">
      <![CDATA[org.testng.TestNGException: 
Parameter 'browser' is required by BeforeClass on method beforeClass but has not been marked @Optional or defined
in C:\Users\Admin\AppData\Local\Temp\testng-eclipse--1909767291\testng-customsuite.xml
at org.testng.internal.Parameters.createParams(Parameters.java:290)
at org.testng.internal.Parameters.createParametersForMethod(Parameters.java:359)
at org.testng.internal.Parameters.createParameters(Parameters.java:620)
at org.testng.internal.Parameters.createConfigurationParameters(Parameters.java:190)
at org.testng.internal.Invoker.invokeConfigurations(Invoker.java:209)
at org.testng.internal.Invoker.invokeConfigurations(Invoker.java:142)
at org.testng.internal.TestMethodWorker.invokeBeforeClassMethods(TestMethodWorker.java:168)
at org.testng.internal.TestMethodWorker.run(TestMethodWorker.java:105)
at org.testng.TestRunner.privateRun(TestRunner.java:648)
at org.testng.TestRunner.run(TestRunner.java:505)
at org.testng.SuiteRunner.runTest(SuiteRunner.java:455)
at org.testng.SuiteRunner.runSequentially(SuiteRunner.java:450)
at org.testng.SuiteRunner.privateRun(SuiteRunner.java:415)
at org.testng.SuiteRunner.run(SuiteRunner.java:364)
at org.testng.SuiteRunnerWorker.runSuite(SuiteRunnerWorker.java:52)
at org.testng.SuiteRunnerWorker.run(SuiteRunnerWorker.java:84)
at org.testng.TestNG.runSuitesSequentially(TestNG.java:1208)
at org.testng.TestNG.runSuitesLocally(TestNG.java:1137)
at org.testng.TestNG.runSuites(TestNG.java:1049)
at org.testng.TestNG.run(TestNG.java:1017)
at org.testng.remote.AbstractRemoteTestNG.run(AbstractRemoteTestNG.java:115)
at org.testng.remote.RemoteTestNG.initAndRun(RemoteTestNG.java:251)
at org.testng.remote.RemoteTestNG.main(RemoteTestNG.java:77)
]]>
    </failure>
  </testcase> <!-- @BeforeClass beforeClass -->
  <testcase classname="com.nopcommerce.user.TC_Search_Advanced" name="@AfterClass afterClass" time="0.0">
    <skipped/>
  </testcase> <!-- @AfterClass afterClass -->
  <testcase classname="com.nopcommerce.user.TC_Search_Advanced" name="TC_01_Search_Empty_Data" time="0.0">
    <skipped/>
  </testcase> <!-- TC_01_Search_Empty_Data -->
  <testcase classname="com.nopcommerce.user.TC_Search_Advanced" name="TC_02_Search_Less_Than_3_Characters" time="0.0">
    <skipped/>
  </testcase> <!-- TC_02_Search_Less_Than_3_Characters -->
  <testcase classname="com.nopcommerce.user.TC_Search_Advanced" name="TC_03_Search_Return_No_Value" time="0.0">
    <skipped/>
  </testcase> <!-- TC_03_Search_Return_No_Value -->
  <testcase classname="com.nopcommerce.user.TC_Search_Advanced" name="TC_04_Relative_Search_With_Product_Name" time="0.0">
    <skipped/>
  </testcase> <!-- TC_04_Relative_Search_With_Product_Name -->
  <testcase classname="com.nopcommerce.user.TC_Search_Advanced" name="TC_05_Absolute_Search_With_Product_Name" time="0.0">
    <skipped/>
  </testcase> <!-- TC_05_Absolute_Search_With_Product_Name -->
  <testcase classname="com.nopcommerce.user.TC_Search_Advanced" name="TC_06_Advanced_Search_Parent_Category" time="0.0">
    <skipped/>
  </testcase> <!-- TC_06_Advanced_Search_Parent_Category -->
  <testcase classname="com.nopcommerce.user.TC_Search_Advanced" name="TC_07_Advanced_Search_Sub_Category" time="0.0">
    <skipped/>
  </testcase> <!-- TC_07_Advanced_Search_Sub_Category -->
  <testcase classname="com.nopcommerce.user.TC_Search_Advanced" name="TC_08_Advanced_Search_Incorrect_Manufacturer" time="0.0">
    <skipped/>
  </testcase> <!-- TC_08_Advanced_Search_Incorrect_Manufacturer -->
  <testcase classname="com.nopcommerce.user.TC_Search_Advanced" name="TC_09_Advanced_Search_Correct_Manufacturer" time="0.0">
    <skipped/>
  </testcase> <!-- TC_09_Advanced_Search_Correct_Manufacturer -->
</testsuite> <!-- Default test -->
