<?xml version="1.0" encoding="UTF-8"?>
<!-- Generated by org.testng.reporters.JUnitXMLReporter -->
<testsuite ignored="0" hostname="Admin" failures="1" tests="3" name="Run on chrome" time="8.498" errors="0" timestamp="22 Apr 2022 14:52:54 GMT">
  <testcase classname="com.nopcommerce.user.TC_Register_Extent" name="TC_01_Register_Empty_Data" time="0.99"/>
  <testcase classname="com.nopcommerce.user.TC_Register_Extent" name="TC_02_Register_Invalid_Email" time="0.546">
    <failure type="java.lang.AssertionError" message="expected [Wrong email 1] but found [Wrong email]">
      <![CDATA[java.lang.AssertionError: expected [Wrong email 1] but found [Wrong email]
at com.nopcommerce.user.TC_Register_Extent.TC_02_Register_Invalid_Email(TC_Register_Extent.java:72)
at java.base/java.util.concurrent.FutureTask.run(FutureTask.java:264)
at java.base/java.util.concurrent.ThreadPoolExecutor.runWorker(ThreadPoolExecutor.java:1130)
at java.base/java.util.concurrent.ThreadPoolExecutor$Worker.run(ThreadPoolExecutor.java:630)
at java.base/java.lang.Thread.run(Thread.java:832)
... Removed 22 stack frames]]>
    </failure>
  </testcase> <!-- TC_02_Register_Invalid_Email -->
  <testcase classname="com.nopcommerce.user.TC_Register_Extent" name="TC_03_Register_Sucessfully" time="3.526"/>
</testsuite> <!-- Run on chrome -->
