<?xml version="1.0" encoding="UTF-8"?>
<testng-results ignored="0" total="3" passed="2" failed="1" skipped="0">
  <reporter-output>
    <line>
      <![CDATA[[INFO ] [2022-04-22 21:52:54,235] Close all drivers after suite
<br>]]>
    </line>
    <line>
      <![CDATA[[INFO ] [2022-04-22 21:52:54,235] OS name = windows 10
<br>]]>
    </line>
    <line>
      <![CDATA[[INFO ] [2022-04-22 21:52:54,235] Driver instance name = chromedriver: chrome on windows (2e8960c94e472f529f2392877f6b338c)
<br>]]>
    </line>
  </reporter-output>
  <suite started-at="2022-04-22T14:52:45Z" name="NopCommerce.User" finished-at="2022-04-22T14:52:53Z" duration-ms="8498">
    <groups>
    </groups>
    <test started-at="2022-04-22T14:52:45Z" name="Run on chrome" finished-at="2022-04-22T14:52:53Z" duration-ms="8498">
      <class name="com.nopcommerce.user.TC_Register_Extent">
        <test-method is-config="true" signature="beforeSuit()[pri:0, instance:com.nopcommerce.user.TC_Register_Extent@499683c4]" started-at="2022-04-22T14:52:45Z" name="beforeSuit" finished-at="2022-04-22T14:52:45Z" duration-ms="20" status="PASS">
          <reporter-output>
          </reporter-output>
        </test-method> <!-- beforeSuit -->
        <test-method is-config="true" signature="beforeClass(java.lang.String)[pri:0, instance:com.nopcommerce.user.TC_Register_Extent@499683c4]" started-at="2022-04-22T14:52:45Z" name="beforeClass" finished-at="2022-04-22T14:52:48Z" duration-ms="3256" status="PASS">
          <params>
            <param index="0">
              <value>
                <![CDATA[chrome]]>
              </value>
            </param>
          </params>
          <reporter-output>
          </reporter-output>
        </test-method> <!-- beforeClass -->
        <test-method signature="TC_01_Register_Empty_Data(java.lang.reflect.Method)[pri:0, instance:com.nopcommerce.user.TC_Register_Extent@499683c4]" started-at="2022-04-22T14:52:48Z" name="TC_01_Register_Empty_Data" finished-at="2022-04-22T14:52:49Z" duration-ms="990" status="PASS">
          <params>
            <param index="0">
              <value>
                <![CDATA[public void com.nopcommerce.user.TC_Register_Extent.TC_01_Register_Empty_Data(java.lang.reflect.Method)]]>
              </value>
            </param>
          </params>
          <reporter-output>
          </reporter-output>
        </test-method> <!-- TC_01_Register_Empty_Data -->
        <test-method signature="TC_02_Register_Invalid_Email(java.lang.reflect.Method)[pri:0, instance:com.nopcommerce.user.TC_Register_Extent@499683c4]" started-at="2022-04-22T14:52:49Z" name="TC_02_Register_Invalid_Email" finished-at="2022-04-22T14:52:50Z" duration-ms="546" status="FAIL">
          <params>
            <param index="0">
              <value>
                <![CDATA[public void com.nopcommerce.user.TC_Register_Extent.TC_02_Register_Invalid_Email(java.lang.reflect.Method)]]>
              </value>
            </param>
          </params>
          <exception class="java.lang.AssertionError">
            <message>
              <![CDATA[expected [Wrong email 1] but found [Wrong email]]]>
            </message>
            <full-stacktrace>
              <![CDATA[java.lang.AssertionError: expected [Wrong email 1] but found [Wrong email]
at org.testng.Assert.fail(Assert.java:96)
at org.testng.Assert.failNotEquals(Assert.java:776)
at org.testng.Assert.assertEqualsImpl(Assert.java:137)
at org.testng.Assert.assertEquals(Assert.java:118)
at org.testng.Assert.assertEquals(Assert.java:453)
at org.testng.Assert.assertEquals(Assert.java:463)
at com.nopcommerce.user.TC_Register_Extent.TC_02_Register_Invalid_Email(TC_Register_Extent.java:72)
at java.base/jdk.internal.reflect.NativeMethodAccessorImpl.invoke0(Native Method)
at java.base/jdk.internal.reflect.NativeMethodAccessorImpl.invoke(NativeMethodAccessorImpl.java:64)
at java.base/jdk.internal.reflect.DelegatingMethodAccessorImpl.invoke(DelegatingMethodAccessorImpl.java:43)
at java.base/java.lang.reflect.Method.invoke(Method.java:564)
at org.testng.internal.MethodInvocationHelper.invokeMethod(MethodInvocationHelper.java:124)
at org.testng.internal.Invoker.invokeMethod(Invoker.java:583)
at org.testng.internal.Invoker.invokeTestMethod(Invoker.java:719)
at org.testng.internal.Invoker.invokeTestMethods(Invoker.java:989)
at org.testng.internal.TestMethodWorker.invokeTestMethods(TestMethodWorker.java:125)
at org.testng.internal.TestMethodWorker.run(TestMethodWorker.java:109)
at org.testng.TestRunner.privateRun(TestRunner.java:648)
at org.testng.TestRunner.run(TestRunner.java:505)
at org.testng.SuiteRunner.runTest(SuiteRunner.java:455)
at org.testng.SuiteRunner.access$000(SuiteRunner.java:40)
at org.testng.SuiteRunner$SuiteWorker.run(SuiteRunner.java:489)
at org.testng.internal.thread.ThreadUtil$1.call(ThreadUtil.java:52)
at java.base/java.util.concurrent.FutureTask.run(FutureTask.java:264)
at java.base/java.util.concurrent.ThreadPoolExecutor.runWorker(ThreadPoolExecutor.java:1130)
at java.base/java.util.concurrent.ThreadPoolExecutor$Worker.run(ThreadPoolExecutor.java:630)
at java.base/java.lang.Thread.run(Thread.java:832)
]]>
            </full-stacktrace>
          </exception> <!-- java.lang.AssertionError -->
          <reporter-output>
          </reporter-output>
        </test-method> <!-- TC_02_Register_Invalid_Email -->
        <test-method signature="TC_03_Register_Sucessfully(java.lang.reflect.Method)[pri:0, instance:com.nopcommerce.user.TC_Register_Extent@499683c4]" started-at="2022-04-22T14:52:50Z" name="TC_03_Register_Sucessfully" finished-at="2022-04-22T14:52:53Z" duration-ms="3526" status="PASS">
          <params>
            <param index="0">
              <value>
                <![CDATA[public void com.nopcommerce.user.TC_Register_Extent.TC_03_Register_Sucessfully(java.lang.reflect.Method)]]>
              </value>
            </param>
          </params>
          <reporter-output>
          </reporter-output>
        </test-method> <!-- TC_03_Register_Sucessfully -->
        <test-method is-config="true" signature="afterClass(java.lang.String)[pri:0, instance:com.nopcommerce.user.TC_Register_Extent@499683c4]" started-at="2022-04-22T14:52:53Z" name="afterClass" finished-at="2022-04-22T14:52:53Z" duration-ms="1" status="PASS">
          <params>
            <param index="0">
              <value>
                <![CDATA[chrome]]>
              </value>
            </param>
          </params>
          <reporter-output>
          </reporter-output>
        </test-method> <!-- afterClass -->
        <test-method is-config="true" signature="cleanExecutableDriver()[pri:0, instance:com.nopcommerce.user.TC_Register_Extent@499683c4]" started-at="2022-04-22T14:52:54Z" name="cleanExecutableDriver" finished-at="2022-04-22T14:52:54Z" duration-ms="653" status="PASS">
          <reporter-output>
            <line>
              <![CDATA[[INFO ] [2022-04-22 21:52:54,235] Close all drivers after suite
<br>]]>
            </line>
            <line>
              <![CDATA[[INFO ] [2022-04-22 21:52:54,235] OS name = windows 10
<br>]]>
            </line>
            <line>
              <![CDATA[[INFO ] [2022-04-22 21:52:54,235] Driver instance name = chromedriver: chrome on windows (2e8960c94e472f529f2392877f6b338c)
<br>]]>
            </line>
          </reporter-output>
        </test-method> <!-- cleanExecutableDriver -->
      </class> <!-- com.nopcommerce.user.TC_Register_Extent -->
    </test> <!-- Run on chrome -->
  </suite> <!-- NopCommerce.User -->
</testng-results>
